{
  "RSpec": {
    "coverage": {
      "/Users/yasheshshah/Desktop/Projects/Bank_tech_test_ruby/spec/bank_account_spec.rb": [
        1,
        1,
        null,
        1,
        1,
        null,
        null,
        1,
        1,
        null,
        null,
        1,
        1,
        1,
        null,
        null,
        1,
        1,
        1,
        1,
        null,
        null,
        1,
        1,
        1,
        1,
        2,
        null,
        null,
        null
      ],
      "/Users/yasheshshah/Desktop/Projects/Bank_tech_test_ruby/lib/bank_account.rb": [
        1,
        null,
        1,
        null,
        1,
        5,
        5,
        5,
        5,
        null,
        null,
        1,
        3,
        3,
        3,
        3,
        3,
        null,
        null,
        1,
        2,
        2,
        2,
        2,
        2,
        null,
        null,
        1,
        5,
        2,
        null,
        3,
        null,
        null,
        null,
        1,
        1,
        1,
        2,
        null,
        null,
        null,
        null
      ]
    },
    "timestamp": 1569447040
  }
}
